<?xml version="1.0" encoding="UTF-8"?>
<TestRun id="6bed54d8-0f3b-4fbb-a0ef-39e142fba668" name="Martin@MARTIN-PC 2016-01-20 00:21:18" runUser="Martin-PC\Martin" xmlns="http://microsoft.com/schemas/VisualStudio/TeamTest/2010">
  <TestSettings name="Local" id="2fc050ba-1d64-4c41-800b-5557b3e0ac37">
    <Description>These are default test settings for a local test run.</Description>
    <Deployment enabled="false" runDeploymentRoot="Martin_MARTIN-PC 2016-01-20 00_21_18">
      <DeploymentItem filename="D:\JP\BelatrixTest\BelatrixTest\bin\Debug\BelatrixTest.exe" />
    </Deployment>
    <Execution>
      <TestTypeSpecific />
      <AgentRule name="Execution Agents">
      </AgentRule>
    </Execution>
  </TestSettings>
  <Times creation="2016-01-20T00:21:18.8293986-05:00" queuing="2016-01-20T00:21:18.8634005-05:00" start="2016-01-20T00:21:18.8754012-05:00" finish="2016-01-20T00:21:19.0954138-05:00" />
  <ResultSummary outcome="Completed">
    <Counters total="1" executed="1" passed="1" error="0" failed="0" timeout="0" aborted="0" inconclusive="0" passedButRunAborted="0" notRunnable="0" notExecuted="0" disconnected="0" warning="0" completed="0" inProgress="0" pending="0" />
  </ResultSummary>
  <TestDefinitions>
    <UnitTest name="SetLogTestSource" storage="d:\jp\belatrixtest\belatrixunittest\bin\debug\belatrixunittest.dll" id="174da8db-d323-e573-9bba-e6548bea3cd5">
      <Execution id="871ca1d0-968a-4db0-9691-6f9f86aacac7" />
      <TestMethod codeBase="D:/JP/BelatrixTest/BelatrixUnitTest/bin/Debug/BelatrixUnitTest.DLL" adapterTypeName="Microsoft.VisualStudio.TestTools.TestTypes.Unit.UnitTestAdapter, Microsoft.VisualStudio.QualityTools.Tips.UnitTest.Adapter, Version=10.0.0.0, Culture=neutral, PublicKeyToken=b03f5f7f11d50a3a" className="BelatrixUnitTest.JobLoggerTest, BelatrixUnitTest, Version=1.0.0.0, Culture=neutral, PublicKeyToken=null" name="SetLogTestSource" />
    </UnitTest>
  </TestDefinitions>
  <TestLists>
    <TestList name="Resultados que no están en la lista" id="8c84fa94-04c1-424b-9868-57a2d4851a1d" />
    <TestList name="Todos los resultados cargados" id="19431567-8539-422a-85d7-44ee4e166bda" />
  </TestLists>
  <TestEntries>
    <TestEntry testId="174da8db-d323-e573-9bba-e6548bea3cd5" executionId="871ca1d0-968a-4db0-9691-6f9f86aacac7" testListId="8c84fa94-04c1-424b-9868-57a2d4851a1d" />
  </TestEntries>
  <Results>
    <UnitTestResult executionId="871ca1d0-968a-4db0-9691-6f9f86aacac7" testId="174da8db-d323-e573-9bba-e6548bea3cd5" testName="SetLogTestSource" computerName="MARTIN-PC" duration="00:00:00.0149618" startTime="2016-01-20T00:21:18.9004027-05:00" endTime="2016-01-20T00:21:19.0844132-05:00" testType="13cdc9d9-ddb5-4fa4-a97d-d965ccfc6d4b" outcome="Passed" testListId="8c84fa94-04c1-424b-9868-57a2d4851a1d" relativeResultsDirectory="871ca1d0-968a-4db0-9691-6f9f86aacac7">
    </UnitTestResult>
  </Results>
</TestRun>