<?xml version="1.0" encoding="UTF-8"?>
<TestRun id="125f9209-e23a-42db-b166-3eb530bd5b59" name="Martin@MARTIN-PC 2016-01-20 00:17:49" runUser="Martin-PC\Martin" xmlns="http://microsoft.com/schemas/VisualStudio/TeamTest/2010">
  <TestSettings name="Local" id="2fc050ba-1d64-4c41-800b-5557b3e0ac37">
    <Description>These are default test settings for a local test run.</Description>
    <Deployment enabled="false" runDeploymentRoot="Martin_MARTIN-PC 2016-01-20 00_17_49">
      <DeploymentItem filename="D:\JP\BelatrixTest\BelatrixTest\bin\Debug\BelatrixTest.exe" />
    </Deployment>
    <Execution>
      <TestTypeSpecific />
      <AgentRule name="Execution Agents">
      </AgentRule>
    </Execution>
  </TestSettings>
  <Times creation="2016-01-20T00:17:49.2054088-05:00" queuing="2016-01-20T00:17:49.2374106-05:00" start="2016-01-20T00:17:49.2494113-05:00" finish="2016-01-20T00:17:49.4584233-05:00" />
  <ResultSummary outcome="Completed">
    <Counters total="1" executed="1" passed="1" error="0" failed="0" timeout="0" aborted="0" inconclusive="0" passedButRunAborted="0" notRunnable="0" notExecuted="0" disconnected="0" warning="0" completed="0" inProgress="0" pending="0" />
  </ResultSummary>
  <TestDefinitions>
    <UnitTest name="SetLogTestMessage" storage="d:\jp\belatrixtest\belatrixunittest\bin\debug\belatrixunittest.dll" id="cc86ae0c-2f1b-391d-5519-bb5da85f98c2">
      <Execution id="d3736504-63c0-461e-955d-fc01b1ea0af7" />
      <TestMethod codeBase="D:/JP/BelatrixTest/BelatrixUnitTest/bin/Debug/BelatrixUnitTest.DLL" adapterTypeName="Microsoft.VisualStudio.TestTools.TestTypes.Unit.UnitTestAdapter, Microsoft.VisualStudio.QualityTools.Tips.UnitTest.Adapter, Version=10.0.0.0, Culture=neutral, PublicKeyToken=b03f5f7f11d50a3a" className="BelatrixUnitTest.JobLoggerTest, BelatrixUnitTest, Version=1.0.0.0, Culture=neutral, PublicKeyToken=null" name="SetLogTestMessage" />
    </UnitTest>
  </TestDefinitions>
  <TestLists>
    <TestList name="Resultados que no están en la lista" id="8c84fa94-04c1-424b-9868-57a2d4851a1d" />
    <TestList name="Todos los resultados cargados" id="19431567-8539-422a-85d7-44ee4e166bda" />
  </TestLists>
  <TestEntries>
    <TestEntry testId="cc86ae0c-2f1b-391d-5519-bb5da85f98c2" executionId="d3736504-63c0-461e-955d-fc01b1ea0af7" testListId="8c84fa94-04c1-424b-9868-57a2d4851a1d" />
  </TestEntries>
  <Results>
    <UnitTestResult executionId="d3736504-63c0-461e-955d-fc01b1ea0af7" testId="cc86ae0c-2f1b-391d-5519-bb5da85f98c2" testName="SetLogTestMessage" computerName="MARTIN-PC" duration="00:00:00.0148848" startTime="2016-01-20T00:17:49.2514114-05:00" endTime="2016-01-20T00:17:49.4474226-05:00" testType="13cdc9d9-ddb5-4fa4-a97d-d965ccfc6d4b" outcome="Passed" testListId="8c84fa94-04c1-424b-9868-57a2d4851a1d" relativeResultsDirectory="d3736504-63c0-461e-955d-fc01b1ea0af7">
    </UnitTestResult>
  </Results>
</TestRun>