<?xml version="1.0" encoding="UTF-8"?>
<TestRun id="71c07af4-7f2c-4352-9219-53c56b387ead" name="Martin@MARTIN-PC 2016-01-20 00:10:57" runUser="Martin-PC\Martin" xmlns="http://microsoft.com/schemas/VisualStudio/TeamTest/2010">
  <TestSettings name="Local" id="2fc050ba-1d64-4c41-800b-5557b3e0ac37">
    <Description>These are default test settings for a local test run.</Description>
    <Deployment enabled="false" runDeploymentRoot="Martin_MARTIN-PC 2016-01-20 00_10_57">
      <DeploymentItem filename="D:\JP\BelatrixTest\BelatrixTest\bin\Debug\BelatrixTest.exe" />
    </Deployment>
    <Execution>
      <TestTypeSpecific />
      <AgentRule name="Execution Agents">
      </AgentRule>
    </Execution>
  </TestSettings>
  <Times creation="2016-01-20T00:10:57.5818653-05:00" queuing="2016-01-20T00:10:57.6208675-05:00" start="2016-01-20T00:10:57.6388685-05:00" finish="2016-01-20T00:10:57.9348855-05:00" />
  <ResultSummary outcome="Failed">
    <Counters total="1" executed="1" error="0" failed="1" timeout="0" aborted="0" inconclusive="0" passedButRunAborted="0" notRunnable="0" notExecuted="0" disconnected="0" warning="0" passed="0" completed="0" inProgress="0" pending="0" />
  </ResultSummary>
  <TestDefinitions>
    <UnitTest name="SetLogTest1" storage="d:\jp\belatrixtest\belatrixunittest\bin\debug\belatrixunittest.dll" id="7b8fa36f-6b84-eb7b-1e1d-10a63565951e">
      <Execution id="0960608d-5f6f-4770-96b0-274c11bd61a6" />
      <TestMethod codeBase="D:/JP/BelatrixTest/BelatrixUnitTest/bin/Debug/BelatrixUnitTest.DLL" adapterTypeName="Microsoft.VisualStudio.TestTools.TestTypes.Unit.UnitTestAdapter, Microsoft.VisualStudio.QualityTools.Tips.UnitTest.Adapter, Version=10.0.0.0, Culture=neutral, PublicKeyToken=b03f5f7f11d50a3a" className="BelatrixUnitTest.JobLoggerTest, BelatrixUnitTest, Version=1.0.0.0, Culture=neutral, PublicKeyToken=null" name="SetLogTest1" />
    </UnitTest>
  </TestDefinitions>
  <TestLists>
    <TestList name="Resultados que no están en la lista" id="8c84fa94-04c1-424b-9868-57a2d4851a1d" />
    <TestList name="Todos los resultados cargados" id="19431567-8539-422a-85d7-44ee4e166bda" />
  </TestLists>
  <TestEntries>
    <TestEntry testId="7b8fa36f-6b84-eb7b-1e1d-10a63565951e" executionId="0960608d-5f6f-4770-96b0-274c11bd61a6" testListId="8c84fa94-04c1-424b-9868-57a2d4851a1d" />
  </TestEntries>
  <Results>
    <UnitTestResult executionId="0960608d-5f6f-4770-96b0-274c11bd61a6" testId="7b8fa36f-6b84-eb7b-1e1d-10a63565951e" testName="SetLogTest1" computerName="MARTIN-PC" duration="00:00:00.0740268" startTime="2016-01-20T00:10:57.6638700-05:00" endTime="2016-01-20T00:10:57.9198846-05:00" testType="13cdc9d9-ddb5-4fa4-a97d-d965ccfc6d4b" outcome="Failed" testListId="8c84fa94-04c1-424b-9868-57a2d4851a1d" relativeResultsDirectory="0960608d-5f6f-4770-96b0-274c11bd61a6">
      <Output>
        <ErrorInfo>
          <Message>Error de Assert.AreEqual. Se esperaba &lt;&gt;, pero es &lt;A message must be specified&gt;. </Message>
          <StackTrace>   en BelatrixUnitTest.JobLoggerTest.SetLogTest1() en D:\JP\BelatrixTest\BelatrixUnitTest\JobLoggerTest.cs:línea 83
</StackTrace>
        </ErrorInfo>
      </Output>
    </UnitTestResult>
  </Results>
</TestRun>