<?xml version="1.0" encoding="UTF-8"?>
<TestRun id="1ba1e2c6-7a1d-4c89-bbf1-5efafa1f6fc1" name="Martin@MARTIN-PC 2016-01-20 00:03:50" runUser="Martin-PC\Martin" xmlns="http://microsoft.com/schemas/VisualStudio/TeamTest/2010">
  <TestSettings name="Local" id="2fc050ba-1d64-4c41-800b-5557b3e0ac37">
    <Description>These are default test settings for a local test run.</Description>
    <Deployment enabled="false" runDeploymentRoot="Martin_MARTIN-PC 2016-01-20 00_03_50">
      <DeploymentItem filename="D:\JP\BelatrixTest\BelatrixTest\bin\Debug\BelatrixTest.exe" />
    </Deployment>
    <Execution>
      <TestTypeSpecific />
      <AgentRule name="Execution Agents">
      </AgentRule>
    </Execution>
  </TestSettings>
  <Times creation="2016-01-20T00:03:50.2424228-05:00" queuing="2016-01-20T00:03:53.5756135-05:00" start="2016-01-20T00:03:53.7246220-05:00" finish="2016-01-20T00:03:55.3467148-05:00" />
  <ResultSummary outcome="Failed">
    <Counters total="1" executed="1" error="0" failed="1" timeout="0" aborted="0" inconclusive="0" passedButRunAborted="0" notRunnable="0" notExecuted="0" disconnected="0" warning="0" passed="0" completed="0" inProgress="0" pending="0" />
  </ResultSummary>
  <TestDefinitions>
    <UnitTest name="SetLogTest1" storage="d:\jp\belatrixtest\belatrixunittest\bin\debug\belatrixunittest.dll" id="7b8fa36f-6b84-eb7b-1e1d-10a63565951e">
      <Execution id="b6b8ccd4-d896-44dc-bcd3-5782f8ce0fc4" />
      <TestMethod codeBase="D:/JP/BelatrixTest/BelatrixUnitTest/bin/Debug/BelatrixUnitTest.DLL" adapterTypeName="Microsoft.VisualStudio.TestTools.TestTypes.Unit.UnitTestAdapter, Microsoft.VisualStudio.QualityTools.Tips.UnitTest.Adapter, Version=10.0.0.0, Culture=neutral, PublicKeyToken=b03f5f7f11d50a3a" className="BelatrixUnitTest.JobLoggerTest, BelatrixUnitTest, Version=1.0.0.0, Culture=neutral, PublicKeyToken=null" name="SetLogTest1" />
    </UnitTest>
  </TestDefinitions>
  <TestLists>
    <TestList name="Resultados que no están en la lista" id="8c84fa94-04c1-424b-9868-57a2d4851a1d" />
    <TestList name="Todos los resultados cargados" id="19431567-8539-422a-85d7-44ee4e166bda" />
  </TestLists>
  <TestEntries>
    <TestEntry testId="7b8fa36f-6b84-eb7b-1e1d-10a63565951e" executionId="b6b8ccd4-d896-44dc-bcd3-5782f8ce0fc4" testListId="8c84fa94-04c1-424b-9868-57a2d4851a1d" />
  </TestEntries>
  <Results>
    <UnitTestResult executionId="b6b8ccd4-d896-44dc-bcd3-5782f8ce0fc4" testId="7b8fa36f-6b84-eb7b-1e1d-10a63565951e" testName="SetLogTest1" computerName="MARTIN-PC" duration="00:00:00.3480029" startTime="2016-01-20T00:03:53.8726305-05:00" endTime="2016-01-20T00:03:55.2137072-05:00" testType="13cdc9d9-ddb5-4fa4-a97d-d965ccfc6d4b" outcome="Failed" testListId="8c84fa94-04c1-424b-9868-57a2d4851a1d" relativeResultsDirectory="b6b8ccd4-d896-44dc-bcd3-5782f8ce0fc4">
      <Output>
        <ErrorInfo>
          <Message>Error de Assert.AreEqual. Se esperaba &lt;&gt;, pero es &lt;Error or Warning or Message must be specified&gt;. </Message>
          <StackTrace>   en BelatrixUnitTest.JobLoggerTest.SetLogTest1() en D:\JP\BelatrixTest\BelatrixUnitTest\JobLoggerTest.cs:línea 79
</StackTrace>
        </ErrorInfo>
      </Output>
    </UnitTestResult>
  </Results>
</TestRun>